
11월 17, 2020 15:43:36.39 NEW SESSION
11월 17, 2020 15:43:36.39 [1117/154336.363:ERROR:directory_reader_win.cc(43)] FindFirstFile: 지정된 경로를 찾을 수 없습니다. (0x3)

11월 18, 2020 10:01:33.81 NEW SESSION
11월 18, 2020 10:01:33.81 [14084:3708:1118/100133.806:ERROR:CONSOLE(0)] "TypeError: Cannot read property 'isAnonymousInlineStyleSheet' of null", source:  (0)
11월 18, 2020 10:01:34.77 [14084:3708:1118/100134.772:ERROR:CONSOLE(0)] "TypeError: Cannot read property 'isAnonymousInlineStyleSheet' of null", source:  (0)

11월 18, 2020 17:36:48.94 NEW SESSION
11월 18, 2020 17:36:48.94 [9872:12116:1118/173648.921:ERROR:get_updates_processor.cc(257)] PostClientToServerMessage() failed during GetUpdates with error 2
11월 18, 2020 18:03:45.09 [12632:10272:1118/180345.090:ERROR:get_updates_processor.cc(257)] PostClientToServerMessage() failed during GetUpdates with error 2

11월 20, 2020 16:10:03.19 NEW SESSION
11월 20, 2020 16:10:03.19 [1120/161003.178:ERROR:directory_reader_win.cc(43)] FindFirstFile: 지정된 경로를 찾을 수 없습니다. (0x3)
11월 20, 2020 17:04:45.91 [19540:11296:1120/170445.916:ERROR:CONSOLE(0)] "TypeError: Cannot read property 'isAnonymousInlineStyleSheet' of null", source:  (0)
11월 20, 2020 17:26:14.74 [19540:11296:1120/172614.743:ERROR:CONSOLE(0)] "TypeError: Cannot read property 'isAnonymousInlineStyleSheet' of null", source:  (0)
11월 20, 2020 18:46:06.03 [6888:14728:1120/184606.035:ERROR:CONSOLE(0)] "Failed to launch 'transition:%20all%200.1s%20ease-in-out;' because the scheme does not have a registered handler.", source: chrome://new-tab-page/ (0)
11월 20, 2020 19:42:32.09 [1120/194232.090:ERROR:directory_reader_win.cc(43)] FindFirstFile: 지정된 경로를 찾을 수 없습니다. (0x3)

11월 25, 2020 21:57:00.69 NEW SESSION
11월 25, 2020 21:57:00.69 [1125/215700.687:ERROR:directory_reader_win.cc(43)] FindFirstFile: 지정된 경로를 찾을 수 없습니다. (0x3)
11월 25, 2020 22:22:15.62 [1125/222215.624:ERROR:directory_reader_win.cc(43)] FindFirstFile: 지정된 경로를 찾을 수 없습니다. (0x3)

12월 01, 2020 18:31:51.58 NEW SESSION
12월 01, 2020 18:31:51.58 [1201/183151.567:ERROR:directory_reader_win.cc(43)] FindFirstFile: 지정된 경로를 찾을 수 없습니다. (0x3)

12월 04, 2020 17:44:15.05 NEW SESSION
12월 04, 2020 17:44:15.05 [1204/174415.045:ERROR:directory_reader_win.cc(43)] FindFirstFile: 지정된 경로를 찾을 수 없습니다. (0x3)
12월 04, 2020 18:03:30.83 [1204/180330.834:ERROR:directory_reader_win.cc(43)] FindFirstFile: 지정된 경로를 찾을 수 없습니다. (0x3)
12월 04, 2020 18:21:31.59 [1204/182131.594:ERROR:directory_reader_win.cc(43)] FindFirstFile: 지정된 경로를 찾을 수 없습니다. (0x3)

12월 07, 2020 14:55:36.90 NEW SESSION
12월 07, 2020 14:55:36.90 [1207/145536.857:ERROR:directory_reader_win.cc(43)] FindFirstFile: 지정된 경로를 찾을 수 없습니다. (0x3)
12월 07, 2020 15:21:26.98 [1207/152126.980:ERROR:directory_reader_win.cc(43)] FindFirstFile: 지정된 경로를 찾을 수 없습니다. (0x3)
12월 07, 2020 15:45:04.01 [1207/154504.019:ERROR:directory_reader_win.cc(43)] FindFirstFile: 지정된 경로를 찾을 수 없습니다. (0x3)
12월 07, 2020 15:58:48.61 [1207/155848.610:ERROR:directory_reader_win.cc(43)] FindFirstFile: 지정된 경로를 찾을 수 없습니다. (0x3)
12월 07, 2020 16:11:50.05 [1207/161150.052:ERROR:directory_reader_win.cc(43)] FindFirstFile: 지정된 경로를 찾을 수 없습니다. (0x3)
12월 07, 2020 16:48:06.02 [1207/164806.021:ERROR:directory_reader_win.cc(43)] FindFirstFile: 지정된 경로를 찾을 수 없습니다. (0x3)

12월 08, 2020 15:24:08.05 NEW SESSION
12월 08, 2020 15:24:08.05 [1208/152408.052:ERROR:directory_reader_win.cc(43)] FindFirstFile: 지정된 경로를 찾을 수 없습니다. (0x3)
12월 08, 2020 15:58:57.83 [1208/155857.834:ERROR:directory_reader_win.cc(43)] FindFirstFile: 지정된 경로를 찾을 수 없습니다. (0x3)

12월 09, 2020 13:18:43.77 NEW SESSION
12월 09, 2020 13:18:43.77 [13780:680:1209/131843.779:ERROR:device_event_log_impl.cc(211)] [13:18:43.784] USB: usb_device_handle_win.cc:1020 Failed to read descriptor from node connection: 시스템에 부착된 장치가 작동하지 않습니다. (0x1F)
12월 09, 2020 13:18:43.77 [13780:680:1209/131843.779:ERROR:device_event_log_impl.cc(211)] [13:18:43.784] USB: usb_device_handle_win.cc:1020 Failed to read descriptor from node connection: 시스템에 부착된 장치가 작동하지 않습니다. (0x1F)
12월 09, 2020 13:18:43.77 [13780:680:1209/131843.779:ERROR:device_event_log_impl.cc(211)] [13:18:43.787] USB: usb_device_handle_win.cc:1020 Failed to read descriptor from node connection: 시스템에 부착된 장치가 작동하지 않습니다. (0x1F)
12월 09, 2020 13:28:34.16 [1209/132834.167:ERROR:directory_reader_win.cc(43)] FindFirstFile: 지정된 경로를 찾을 수 없습니다. (0x3)
12월 09, 2020 13:34:55.29 [8372:8464:1209/133455.290:ERROR:device_event_log_impl.cc(211)] [13:34:55.290] USB: usb_device_handle_win.cc:1020 Failed to read descriptor from node connection: 시스템에 부착된 장치가 작동하지 않습니다. (0x1F)
12월 09, 2020 13:34:55.29 [8372:8464:1209/133455.290:ERROR:device_event_log_impl.cc(211)] [13:34:55.290] USB: usb_device_handle_win.cc:1020 Failed to read descriptor from node connection: 시스템에 부착된 장치가 작동하지 않습니다. (0x1F)
12월 09, 2020 13:34:55.29 [8372:8464:1209/133455.292:ERROR:device_event_log_impl.cc(211)] [13:34:55.292] USB: usb_device_handle_win.cc:1020 Failed to read descriptor from node connection: 시스템에 부착된 장치가 작동하지 않습니다. (0x1F)
12월 09, 2020 13:44:50.88 [1209/134450.886:ERROR:directory_reader_win.cc(43)] FindFirstFile: 지정된 경로를 찾을 수 없습니다. (0x3)
